  [1m[36mActiveRecord::SchemaMigration Load (0.0ms)[0m  [1m[34mSELECT "schema_migrations"."version" FROM "schema_migrations" ORDER BY "schema_migrations"."version" ASC /*application='Dummy'*/[0m
  [1m[36mActiveRecord::InternalMetadata Load (0.2ms)[0m  [1m[34mSELECT * FROM "ar_internal_metadata" WHERE "ar_internal_metadata"."key" = 'environment' ORDER BY "ar_internal_metadata"."key" ASC LIMIT 1 /*application='Dummy'*/[0m
  [1m[36mActiveRecord::SchemaMigration Load (0.0ms)[0m  [1m[34mSELECT "schema_migrations"."version" FROM "schema_migrations" ORDER BY "schema_migrations"."version" ASC /*application='Dummy'*/[0m
  [1m[36mActiveRecord::InternalMetadata Load (0.0ms)[0m  [1m[34mSELECT * FROM "ar_internal_metadata" WHERE "ar_internal_metadata"."key" = 'environment' ORDER BY "ar_internal_metadata"."key" ASC LIMIT 1 /*application='Dummy'*/[0m
  [1m[36mActiveRecord::SchemaMigration Load (0.0ms)[0m  [1m[34mSELECT "schema_migrations"."version" FROM "schema_migrations" ORDER BY "schema_migrations"."version" ASC /*application='Dummy'*/[0m
  [1m[36mActiveRecord::InternalMetadata Load (0.0ms)[0m  [1m[34mSELECT * FROM "ar_internal_metadata" WHERE "ar_internal_metadata"."key" = 'environment' ORDER BY "ar_internal_metadata"."key" ASC LIMIT 1 /*application='Dummy'*/[0m
  [1m[35m (0.1ms)[0m  [1m[35mDROP TABLE IF EXISTS "plutus_accounts" /*application='Dummy'*/[0m
  [1m[35m (0.5ms)[0m  [1m[35mCREATE TABLE "plutus_accounts" ("id" integer PRIMARY KEY AUTOINCREMENT NOT NULL, "name" varchar, "type" varchar, "contra" boolean DEFAULT 0, "created_at" datetime, "updated_at" datetime, "tenant_id" integer) /*application='Dummy'*/[0m
  [1m[35m (0.0ms)[0m  [1m[35mCREATE INDEX "index_plutus_accounts_on_name_and_type" ON "plutus_accounts" ("name", "type") /*application='Dummy'*/[0m
  [1m[35m (0.0ms)[0m  [1m[35mDROP TABLE IF EXISTS "plutus_amounts" /*application='Dummy'*/[0m
  [1m[35m (0.0ms)[0m  [1m[35mCREATE TABLE "plutus_amounts" ("id" integer PRIMARY KEY AUTOINCREMENT NOT NULL, "type" varchar, "account_id" integer, "entry_id" integer, "amount" decimal(20,10)) /*application='Dummy'*/[0m
  [1m[35m (0.0ms)[0m  [1m[35mCREATE INDEX "index_plutus_amounts_on_account_id_and_entry_id" ON "plutus_amounts" ("account_id", "entry_id") /*application='Dummy'*/[0m
  [1m[35m (0.0ms)[0m  [1m[35mCREATE INDEX "index_plutus_amounts_on_entry_id_and_account_id" ON "plutus_amounts" ("entry_id", "account_id") /*application='Dummy'*/[0m
  [1m[35m (0.0ms)[0m  [1m[35mCREATE INDEX "index_plutus_amounts_on_type" ON "plutus_amounts" ("type") /*application='Dummy'*/[0m
  [1m[35m (0.0ms)[0m  [1m[35mDROP TABLE IF EXISTS "plutus_entries" /*application='Dummy'*/[0m
  [1m[35m (0.0ms)[0m  [1m[35mCREATE TABLE "plutus_entries" ("id" integer PRIMARY KEY AUTOINCREMENT NOT NULL, "description" varchar, "date" date, "commercial_document_id" integer, "commercial_document_type" varchar, "created_at" datetime, "updated_at" datetime) /*application='Dummy'*/[0m
  [1m[35m (0.0ms)[0m  [1m[35mCREATE INDEX "index_entries_on_commercial_doc" ON "plutus_entries" ("commercial_document_id", "commercial_document_type") /*application='Dummy'*/[0m
  [1m[35m (0.0ms)[0m  [1m[35mCREATE INDEX "index_plutus_entries_on_date" ON "plutus_entries" ("date") /*application='Dummy'*/[0m
  [1m[35m (0.0ms)[0m  [1m[35mCREATE TABLE "schema_migrations" ("version" varchar NOT NULL PRIMARY KEY) /*application='Dummy'*/[0m
  [1m[36mActiveRecord::SchemaMigration Load (0.0ms)[0m  [1m[34mSELECT "schema_migrations"."version" FROM "schema_migrations" ORDER BY "schema_migrations"."version" ASC /*application='Dummy'*/[0m
  [1m[35m (0.0ms)[0m  [1m[32mINSERT INTO "schema_migrations" (version) VALUES (20220916130331) /*application='Dummy'*/[0m
  [1m[35m (0.0ms)[0m  [1m[35mCREATE TABLE "ar_internal_metadata" ("key" varchar NOT NULL PRIMARY KEY, "value" varchar, "created_at" datetime(6) NOT NULL, "updated_at" datetime(6) NOT NULL) /*application='Dummy'*/[0m
  [1m[36mActiveRecord::InternalMetadata Load (0.0ms)[0m  [1m[34mSELECT * FROM "ar_internal_metadata" WHERE "ar_internal_metadata"."key" = 'environment' ORDER BY "ar_internal_metadata"."key" ASC LIMIT 1 /*application='Dummy'*/[0m
  [1m[36mActiveRecord::InternalMetadata Create (0.0ms)[0m  [1m[32mINSERT INTO "ar_internal_metadata" ("key", "value", "created_at", "updated_at") VALUES ('environment', 'development', '2025-03-24 04:53:33.950636', '2025-03-24 04:53:33.950638') RETURNING "key" /*application='Dummy'*/[0m
  [1m[36mActiveRecord::InternalMetadata Load (0.0ms)[0m  [1m[34mSELECT * FROM "ar_internal_metadata" WHERE "ar_internal_metadata"."key" = 'environment' ORDER BY "ar_internal_metadata"."key" ASC LIMIT 1 /*application='Dummy'*/[0m
  [1m[36mActiveRecord::InternalMetadata Update (0.0ms)[0m  [1m[33mUPDATE "ar_internal_metadata" SET "value" = 'test', "updated_at" = '2025-03-24 04:53:33.951135' WHERE "ar_internal_metadata"."key" = 'environment' /*application='Dummy'*/[0m
  [1m[36mActiveRecord::InternalMetadata Load (0.0ms)[0m  [1m[34mSELECT * FROM "ar_internal_metadata" WHERE "ar_internal_metadata"."key" = 'schema_sha1' ORDER BY "ar_internal_metadata"."key" ASC LIMIT 1 /*application='Dummy'*/[0m
  [1m[36mActiveRecord::InternalMetadata Create (0.0ms)[0m  [1m[32mINSERT INTO "ar_internal_metadata" ("key", "value", "created_at", "updated_at") VALUES ('schema_sha1', '0d0ac7b0cd48e372b39e0280087fa083c1ad1a51', '2025-03-24 04:53:33.951522', '2025-03-24 04:53:33.951522') RETURNING "key" /*application='Dummy'*/[0m
